[2023-03-13 20:06:41,602] {processor.py:163} INFO - Started process (PID=266) to work on /opt/airflow/dags/cp_run_on_emr_dag.py
[2023-03-13 20:06:41,603] {processor.py:642} INFO - Processing file /opt/airflow/dags/cp_run_on_emr_dag.py for tasks to queue
[2023-03-13 20:06:41,604] {logging_mixin.py:109} INFO - [2023-03-13 20:06:41,604] {dagbag.py:500} INFO - Filling up the DagBag from /opt/airflow/dags/cp_run_on_emr_dag.py
[2023-03-13 20:06:42,615] {logging_mixin.py:109} INFO - [2023-03-13 20:06:42,609] {dagbag.py:334} ERROR - Failed to import: /opt/airflow/dags/cp_run_on_emr_dag.py
Traceback (most recent call last):
  File "/home/airflow/.local/lib/python3.7/site-packages/airflow/models/dagbag.py", line 331, in _load_modules_from_file
    loader.exec_module(new_module)
  File "<frozen importlib._bootstrap_external>", line 728, in exec_module
  File "<frozen importlib._bootstrap>", line 219, in _call_with_frames_removed
  File "/opt/airflow/dags/cp_run_on_emr_dag.py", line 35, in <module>
    t2 = BashOperator(
NameError: name 'BashOperator' is not defined
[2023-03-13 20:06:42,625] {processor.py:656} WARNING - No viable dags retrieved from /opt/airflow/dags/cp_run_on_emr_dag.py
[2023-03-13 20:06:42,633] {processor.py:171} INFO - Processing /opt/airflow/dags/cp_run_on_emr_dag.py took 1.032 seconds
[2023-03-13 20:07:12,744] {processor.py:163} INFO - Started process (PID=311) to work on /opt/airflow/dags/cp_run_on_emr_dag.py
[2023-03-13 20:07:12,745] {processor.py:642} INFO - Processing file /opt/airflow/dags/cp_run_on_emr_dag.py for tasks to queue
[2023-03-13 20:07:12,745] {logging_mixin.py:109} INFO - [2023-03-13 20:07:12,745] {dagbag.py:500} INFO - Filling up the DagBag from /opt/airflow/dags/cp_run_on_emr_dag.py
[2023-03-13 20:07:12,976] {logging_mixin.py:109} INFO - [2023-03-13 20:07:12,971] {dagbag.py:334} ERROR - Failed to import: /opt/airflow/dags/cp_run_on_emr_dag.py
Traceback (most recent call last):
  File "/home/airflow/.local/lib/python3.7/site-packages/airflow/models/dagbag.py", line 331, in _load_modules_from_file
    loader.exec_module(new_module)
  File "<frozen importlib._bootstrap_external>", line 728, in exec_module
  File "<frozen importlib._bootstrap>", line 219, in _call_with_frames_removed
  File "/opt/airflow/dags/cp_run_on_emr_dag.py", line 35, in <module>
    t2 = BashOperator(
NameError: name 'BashOperator' is not defined
[2023-03-13 20:07:12,985] {processor.py:656} WARNING - No viable dags retrieved from /opt/airflow/dags/cp_run_on_emr_dag.py
[2023-03-13 20:07:13,053] {processor.py:171} INFO - Processing /opt/airflow/dags/cp_run_on_emr_dag.py took 0.311 seconds
[2023-03-13 20:07:15,761] {processor.py:163} INFO - Started process (PID=321) to work on /opt/airflow/dags/cp_run_on_emr_dag.py
[2023-03-13 20:07:15,762] {processor.py:642} INFO - Processing file /opt/airflow/dags/cp_run_on_emr_dag.py for tasks to queue
[2023-03-13 20:07:15,763] {logging_mixin.py:109} INFO - [2023-03-13 20:07:15,763] {dagbag.py:500} INFO - Filling up the DagBag from /opt/airflow/dags/cp_run_on_emr_dag.py
[2023-03-13 20:07:16,003] {logging_mixin.py:109} INFO - [2023-03-13 20:07:15,998] {dagbag.py:334} ERROR - Failed to import: /opt/airflow/dags/cp_run_on_emr_dag.py
Traceback (most recent call last):
  File "/home/airflow/.local/lib/python3.7/site-packages/airflow/models/dagbag.py", line 331, in _load_modules_from_file
    loader.exec_module(new_module)
  File "<frozen importlib._bootstrap_external>", line 728, in exec_module
  File "<frozen importlib._bootstrap>", line 219, in _call_with_frames_removed
  File "/opt/airflow/dags/cp_run_on_emr_dag.py", line 13, in <module>
    from airflow.operators import BashOperator
ImportError: cannot import name 'BashOperator' from 'airflow.operators' (/home/airflow/.local/lib/python3.7/site-packages/airflow/operators/__init__.py)
[2023-03-13 20:07:16,013] {processor.py:656} WARNING - No viable dags retrieved from /opt/airflow/dags/cp_run_on_emr_dag.py
[2023-03-13 20:07:16,083] {processor.py:171} INFO - Processing /opt/airflow/dags/cp_run_on_emr_dag.py took 0.323 seconds
[2023-03-13 20:07:46,922] {processor.py:163} INFO - Started process (PID=358) to work on /opt/airflow/dags/cp_run_on_emr_dag.py
[2023-03-13 20:07:46,923] {processor.py:642} INFO - Processing file /opt/airflow/dags/cp_run_on_emr_dag.py for tasks to queue
[2023-03-13 20:07:46,924] {logging_mixin.py:109} INFO - [2023-03-13 20:07:46,924] {dagbag.py:500} INFO - Filling up the DagBag from /opt/airflow/dags/cp_run_on_emr_dag.py
[2023-03-13 20:07:47,215] {logging_mixin.py:109} INFO - [2023-03-13 20:07:47,210] {dagbag.py:334} ERROR - Failed to import: /opt/airflow/dags/cp_run_on_emr_dag.py
Traceback (most recent call last):
  File "/home/airflow/.local/lib/python3.7/site-packages/airflow/models/dagbag.py", line 331, in _load_modules_from_file
    loader.exec_module(new_module)
  File "<frozen importlib._bootstrap_external>", line 728, in exec_module
  File "<frozen importlib._bootstrap>", line 219, in _call_with_frames_removed
  File "/opt/airflow/dags/cp_run_on_emr_dag.py", line 13, in <module>
    from airflow.operators import BashOperator
ImportError: cannot import name 'BashOperator' from 'airflow.operators' (/home/airflow/.local/lib/python3.7/site-packages/airflow/operators/__init__.py)
[2023-03-13 20:07:47,223] {processor.py:656} WARNING - No viable dags retrieved from /opt/airflow/dags/cp_run_on_emr_dag.py
[2023-03-13 20:07:47,229] {processor.py:171} INFO - Processing /opt/airflow/dags/cp_run_on_emr_dag.py took 0.309 seconds
[2023-03-13 20:08:18,087] {processor.py:163} INFO - Started process (PID=395) to work on /opt/airflow/dags/cp_run_on_emr_dag.py
[2023-03-13 20:08:18,088] {processor.py:642} INFO - Processing file /opt/airflow/dags/cp_run_on_emr_dag.py for tasks to queue
[2023-03-13 20:08:18,089] {logging_mixin.py:109} INFO - [2023-03-13 20:08:18,089] {dagbag.py:500} INFO - Filling up the DagBag from /opt/airflow/dags/cp_run_on_emr_dag.py
[2023-03-13 20:08:18,401] {logging_mixin.py:109} INFO - [2023-03-13 20:08:18,396] {dagbag.py:334} ERROR - Failed to import: /opt/airflow/dags/cp_run_on_emr_dag.py
Traceback (most recent call last):
  File "/home/airflow/.local/lib/python3.7/site-packages/airflow/models/dagbag.py", line 331, in _load_modules_from_file
    loader.exec_module(new_module)
  File "<frozen importlib._bootstrap_external>", line 728, in exec_module
  File "<frozen importlib._bootstrap>", line 219, in _call_with_frames_removed
  File "/opt/airflow/dags/cp_run_on_emr_dag.py", line 13, in <module>
    from airflow.operators import BashOperator
ImportError: cannot import name 'BashOperator' from 'airflow.operators' (/home/airflow/.local/lib/python3.7/site-packages/airflow/operators/__init__.py)
[2023-03-13 20:08:18,409] {processor.py:656} WARNING - No viable dags retrieved from /opt/airflow/dags/cp_run_on_emr_dag.py
[2023-03-13 20:08:18,416] {processor.py:171} INFO - Processing /opt/airflow/dags/cp_run_on_emr_dag.py took 0.330 seconds
[2023-03-13 20:08:41,246] {processor.py:163} INFO - Started process (PID=422) to work on /opt/airflow/dags/cp_run_on_emr_dag.py
[2023-03-13 20:08:41,247] {processor.py:642} INFO - Processing file /opt/airflow/dags/cp_run_on_emr_dag.py for tasks to queue
[2023-03-13 20:08:41,247] {logging_mixin.py:109} INFO - [2023-03-13 20:08:41,247] {dagbag.py:500} INFO - Filling up the DagBag from /opt/airflow/dags/cp_run_on_emr_dag.py
[2023-03-13 20:08:41,567] {logging_mixin.py:109} INFO - [2023-03-13 20:08:41,562] {dagbag.py:334} ERROR - Failed to import: /opt/airflow/dags/cp_run_on_emr_dag.py
Traceback (most recent call last):
  File "/home/airflow/.local/lib/python3.7/site-packages/airflow/models/dagbag.py", line 331, in _load_modules_from_file
    loader.exec_module(new_module)
  File "<frozen importlib._bootstrap_external>", line 728, in exec_module
  File "<frozen importlib._bootstrap>", line 219, in _call_with_frames_removed
  File "/opt/airflow/dags/cp_run_on_emr_dag.py", line 13, in <module>
    from airflow.hooks import BashOperator
ImportError: cannot import name 'BashOperator' from 'airflow.hooks' (/home/airflow/.local/lib/python3.7/site-packages/airflow/hooks/__init__.py)
[2023-03-13 20:08:41,575] {processor.py:656} WARNING - No viable dags retrieved from /opt/airflow/dags/cp_run_on_emr_dag.py
[2023-03-13 20:08:41,584] {processor.py:171} INFO - Processing /opt/airflow/dags/cp_run_on_emr_dag.py took 0.340 seconds
[2023-03-13 20:09:12,562] {processor.py:163} INFO - Started process (PID=459) to work on /opt/airflow/dags/cp_run_on_emr_dag.py
[2023-03-13 20:09:12,563] {processor.py:642} INFO - Processing file /opt/airflow/dags/cp_run_on_emr_dag.py for tasks to queue
[2023-03-13 20:09:12,564] {logging_mixin.py:109} INFO - [2023-03-13 20:09:12,564] {dagbag.py:500} INFO - Filling up the DagBag from /opt/airflow/dags/cp_run_on_emr_dag.py
[2023-03-13 20:09:12,896] {logging_mixin.py:109} INFO - [2023-03-13 20:09:12,891] {dagbag.py:334} ERROR - Failed to import: /opt/airflow/dags/cp_run_on_emr_dag.py
Traceback (most recent call last):
  File "/home/airflow/.local/lib/python3.7/site-packages/airflow/models/dagbag.py", line 331, in _load_modules_from_file
    loader.exec_module(new_module)
  File "<frozen importlib._bootstrap_external>", line 728, in exec_module
  File "<frozen importlib._bootstrap>", line 219, in _call_with_frames_removed
  File "/opt/airflow/dags/cp_run_on_emr_dag.py", line 13, in <module>
    from airflow.hooks import BashOperator
ImportError: cannot import name 'BashOperator' from 'airflow.hooks' (/home/airflow/.local/lib/python3.7/site-packages/airflow/hooks/__init__.py)
[2023-03-13 20:09:12,905] {processor.py:656} WARNING - No viable dags retrieved from /opt/airflow/dags/cp_run_on_emr_dag.py
[2023-03-13 20:09:12,913] {processor.py:171} INFO - Processing /opt/airflow/dags/cp_run_on_emr_dag.py took 0.352 seconds
[2023-03-13 20:09:23,644] {processor.py:163} INFO - Started process (PID=478) to work on /opt/airflow/dags/cp_run_on_emr_dag.py
[2023-03-13 20:09:23,645] {processor.py:642} INFO - Processing file /opt/airflow/dags/cp_run_on_emr_dag.py for tasks to queue
[2023-03-13 20:09:23,646] {logging_mixin.py:109} INFO - [2023-03-13 20:09:23,646] {dagbag.py:500} INFO - Filling up the DagBag from /opt/airflow/dags/cp_run_on_emr_dag.py
[2023-03-13 20:09:23,985] {logging_mixin.py:109} INFO - [2023-03-13 20:09:23,980] {dagbag.py:334} ERROR - Failed to import: /opt/airflow/dags/cp_run_on_emr_dag.py
Traceback (most recent call last):
  File "/home/airflow/.local/lib/python3.7/site-packages/airflow/models/dagbag.py", line 331, in _load_modules_from_file
    loader.exec_module(new_module)
  File "<frozen importlib._bootstrap_external>", line 728, in exec_module
  File "<frozen importlib._bootstrap>", line 219, in _call_with_frames_removed
  File "/opt/airflow/dags/cp_run_on_emr_dag.py", line 13, in <module>
    from airflow.hooks import BashOperator
ImportError: cannot import name 'BashOperator' from 'airflow.hooks' (/home/airflow/.local/lib/python3.7/site-packages/airflow/hooks/__init__.py)
[2023-03-13 20:09:23,994] {processor.py:656} WARNING - No viable dags retrieved from /opt/airflow/dags/cp_run_on_emr_dag.py
[2023-03-13 20:09:24,001] {processor.py:171} INFO - Processing /opt/airflow/dags/cp_run_on_emr_dag.py took 0.359 seconds
[2023-03-13 20:09:40,735] {processor.py:163} INFO - Started process (PID=496) to work on /opt/airflow/dags/cp_run_on_emr_dag.py
[2023-03-13 20:09:40,736] {processor.py:642} INFO - Processing file /opt/airflow/dags/cp_run_on_emr_dag.py for tasks to queue
[2023-03-13 20:09:40,737] {logging_mixin.py:109} INFO - [2023-03-13 20:09:40,737] {dagbag.py:500} INFO - Filling up the DagBag from /opt/airflow/dags/cp_run_on_emr_dag.py
[2023-03-13 20:09:41,094] {logging_mixin.py:109} INFO - [2023-03-13 20:09:41,090] {dagbag.py:334} ERROR - Failed to import: /opt/airflow/dags/cp_run_on_emr_dag.py
Traceback (most recent call last):
  File "/home/airflow/.local/lib/python3.7/site-packages/airflow/models/dagbag.py", line 331, in _load_modules_from_file
    loader.exec_module(new_module)
  File "<frozen importlib._bootstrap_external>", line 728, in exec_module
  File "<frozen importlib._bootstrap>", line 219, in _call_with_frames_removed
  File "/opt/airflow/dags/cp_run_on_emr_dag.py", line 47, in <module>
    t2 = run_sh(
NameError: name 'run_sh' is not defined
[2023-03-13 20:09:41,103] {processor.py:656} WARNING - No viable dags retrieved from /opt/airflow/dags/cp_run_on_emr_dag.py
[2023-03-13 20:09:41,109] {processor.py:171} INFO - Processing /opt/airflow/dags/cp_run_on_emr_dag.py took 0.376 seconds
[2023-03-13 20:10:11,202] {processor.py:163} INFO - Started process (PID=534) to work on /opt/airflow/dags/cp_run_on_emr_dag.py
[2023-03-13 20:10:11,203] {processor.py:642} INFO - Processing file /opt/airflow/dags/cp_run_on_emr_dag.py for tasks to queue
[2023-03-13 20:10:11,204] {logging_mixin.py:109} INFO - [2023-03-13 20:10:11,204] {dagbag.py:500} INFO - Filling up the DagBag from /opt/airflow/dags/cp_run_on_emr_dag.py
[2023-03-13 20:10:11,460] {logging_mixin.py:109} INFO - [2023-03-13 20:10:11,456] {dagbag.py:334} ERROR - Failed to import: /opt/airflow/dags/cp_run_on_emr_dag.py
Traceback (most recent call last):
  File "/home/airflow/.local/lib/python3.7/site-packages/airflow/models/dagbag.py", line 331, in _load_modules_from_file
    loader.exec_module(new_module)
  File "<frozen importlib._bootstrap_external>", line 728, in exec_module
  File "<frozen importlib._bootstrap>", line 219, in _call_with_frames_removed
  File "/opt/airflow/dags/cp_run_on_emr_dag.py", line 47, in <module>
    t2 = run_sh(
NameError: name 'run_sh' is not defined
[2023-03-13 20:10:11,468] {processor.py:656} WARNING - No viable dags retrieved from /opt/airflow/dags/cp_run_on_emr_dag.py
[2023-03-13 20:10:11,474] {processor.py:171} INFO - Processing /opt/airflow/dags/cp_run_on_emr_dag.py took 0.273 seconds
[2023-03-13 20:10:32,274] {processor.py:163} INFO - Started process (PID=561) to work on /opt/airflow/dags/cp_run_on_emr_dag.py
[2023-03-13 20:10:32,275] {processor.py:642} INFO - Processing file /opt/airflow/dags/cp_run_on_emr_dag.py for tasks to queue
[2023-03-13 20:10:32,275] {logging_mixin.py:109} INFO - [2023-03-13 20:10:32,275] {dagbag.py:500} INFO - Filling up the DagBag from /opt/airflow/dags/cp_run_on_emr_dag.py
[2023-03-13 20:10:32,675] {processor.py:654} INFO - DAG(s) dict_keys(['run_spark_jobs_on_emr']) retrieved from /opt/airflow/dags/cp_run_on_emr_dag.py
[2023-03-13 20:10:33,342] {logging_mixin.py:109} INFO - [2023-03-13 20:10:33,342] {manager.py:496} INFO - Created Permission View: can read on DAG:run_spark_jobs_on_emr
[2023-03-13 20:10:33,349] {logging_mixin.py:109} INFO - [2023-03-13 20:10:33,349] {manager.py:496} INFO - Created Permission View: can edit on DAG:run_spark_jobs_on_emr
[2023-03-13 20:10:33,350] {logging_mixin.py:109} INFO - [2023-03-13 20:10:33,350] {dag.py:2398} INFO - Sync 1 DAGs
[2023-03-13 20:10:33,355] {logging_mixin.py:109} INFO - [2023-03-13 20:10:33,355] {dag.py:2417} INFO - Creating ORM DAG for run_spark_jobs_on_emr
[2023-03-13 20:10:33,361] {logging_mixin.py:109} INFO - [2023-03-13 20:10:33,361] {dag.py:2937} INFO - Setting next_dagrun for run_spark_jobs_on_emr to 2023-03-12 00:00:00+00:00
[2023-03-13 20:10:33,379] {processor.py:171} INFO - Processing /opt/airflow/dags/cp_run_on_emr_dag.py took 1.106 seconds
[2023-03-13 20:11:03,442] {processor.py:163} INFO - Started process (PID=589) to work on /opt/airflow/dags/cp_run_on_emr_dag.py
[2023-03-13 20:11:03,443] {processor.py:642} INFO - Processing file /opt/airflow/dags/cp_run_on_emr_dag.py for tasks to queue
[2023-03-13 20:11:03,443] {logging_mixin.py:109} INFO - [2023-03-13 20:11:03,443] {dagbag.py:500} INFO - Filling up the DagBag from /opt/airflow/dags/cp_run_on_emr_dag.py
[2023-03-13 20:11:03,703] {processor.py:654} INFO - DAG(s) dict_keys(['run_spark_jobs_on_emr']) retrieved from /opt/airflow/dags/cp_run_on_emr_dag.py
[2023-03-13 20:11:03,708] {logging_mixin.py:109} INFO - [2023-03-13 20:11:03,707] {dag.py:2398} INFO - Sync 1 DAGs
[2023-03-13 20:11:03,715] {logging_mixin.py:109} INFO - [2023-03-13 20:11:03,715] {dag.py:2937} INFO - Setting next_dagrun for run_spark_jobs_on_emr to 2023-03-12 00:00:00+00:00
[2023-03-13 20:11:03,721] {processor.py:171} INFO - Processing /opt/airflow/dags/cp_run_on_emr_dag.py took 0.281 seconds
[2023-03-13 20:11:33,939] {processor.py:163} INFO - Started process (PID=626) to work on /opt/airflow/dags/cp_run_on_emr_dag.py
[2023-03-13 20:11:33,941] {processor.py:642} INFO - Processing file /opt/airflow/dags/cp_run_on_emr_dag.py for tasks to queue
[2023-03-13 20:11:33,941] {logging_mixin.py:109} INFO - [2023-03-13 20:11:33,941] {dagbag.py:500} INFO - Filling up the DagBag from /opt/airflow/dags/cp_run_on_emr_dag.py
[2023-03-13 20:11:34,215] {processor.py:654} INFO - DAG(s) dict_keys(['run_spark_jobs_on_emr']) retrieved from /opt/airflow/dags/cp_run_on_emr_dag.py
[2023-03-13 20:11:34,220] {logging_mixin.py:109} INFO - [2023-03-13 20:11:34,219] {dag.py:2398} INFO - Sync 1 DAGs
[2023-03-13 20:11:34,227] {logging_mixin.py:109} INFO - [2023-03-13 20:11:34,227] {dag.py:2937} INFO - Setting next_dagrun for run_spark_jobs_on_emr to 2023-03-12 00:00:00+00:00
[2023-03-13 20:11:34,234] {processor.py:171} INFO - Processing /opt/airflow/dags/cp_run_on_emr_dag.py took 0.296 seconds
[2023-03-13 20:12:04,343] {processor.py:163} INFO - Started process (PID=662) to work on /opt/airflow/dags/cp_run_on_emr_dag.py
[2023-03-13 20:12:04,344] {processor.py:642} INFO - Processing file /opt/airflow/dags/cp_run_on_emr_dag.py for tasks to queue
[2023-03-13 20:12:04,344] {logging_mixin.py:109} INFO - [2023-03-13 20:12:04,344] {dagbag.py:500} INFO - Filling up the DagBag from /opt/airflow/dags/cp_run_on_emr_dag.py
[2023-03-13 20:12:04,654] {processor.py:654} INFO - DAG(s) dict_keys(['run_spark_jobs_on_emr']) retrieved from /opt/airflow/dags/cp_run_on_emr_dag.py
[2023-03-13 20:12:04,660] {logging_mixin.py:109} INFO - [2023-03-13 20:12:04,660] {dag.py:2398} INFO - Sync 1 DAGs
[2023-03-13 20:12:04,668] {logging_mixin.py:109} INFO - [2023-03-13 20:12:04,668] {dag.py:2937} INFO - Setting next_dagrun for run_spark_jobs_on_emr to 2023-03-12 00:00:00+00:00
[2023-03-13 20:12:04,675] {processor.py:171} INFO - Processing /opt/airflow/dags/cp_run_on_emr_dag.py took 0.334 seconds
[2023-03-13 20:12:34,739] {processor.py:163} INFO - Started process (PID=689) to work on /opt/airflow/dags/cp_run_on_emr_dag.py
[2023-03-13 20:12:34,740] {processor.py:642} INFO - Processing file /opt/airflow/dags/cp_run_on_emr_dag.py for tasks to queue
[2023-03-13 20:12:34,741] {logging_mixin.py:109} INFO - [2023-03-13 20:12:34,740] {dagbag.py:500} INFO - Filling up the DagBag from /opt/airflow/dags/cp_run_on_emr_dag.py
[2023-03-13 20:12:35,063] {processor.py:654} INFO - DAG(s) dict_keys(['run_spark_jobs_on_emr']) retrieved from /opt/airflow/dags/cp_run_on_emr_dag.py
[2023-03-13 20:12:35,068] {logging_mixin.py:109} INFO - [2023-03-13 20:12:35,068] {dag.py:2398} INFO - Sync 1 DAGs
[2023-03-13 20:12:35,076] {logging_mixin.py:109} INFO - [2023-03-13 20:12:35,075] {dag.py:2937} INFO - Setting next_dagrun for run_spark_jobs_on_emr to 2023-03-12 00:00:00+00:00
[2023-03-13 20:12:35,082] {processor.py:171} INFO - Processing /opt/airflow/dags/cp_run_on_emr_dag.py took 0.344 seconds
[2023-03-13 20:13:05,150] {processor.py:163} INFO - Started process (PID=725) to work on /opt/airflow/dags/cp_run_on_emr_dag.py
[2023-03-13 20:13:05,151] {processor.py:642} INFO - Processing file /opt/airflow/dags/cp_run_on_emr_dag.py for tasks to queue
[2023-03-13 20:13:05,152] {logging_mixin.py:109} INFO - [2023-03-13 20:13:05,152] {dagbag.py:500} INFO - Filling up the DagBag from /opt/airflow/dags/cp_run_on_emr_dag.py
[2023-03-13 20:13:05,438] {processor.py:654} INFO - DAG(s) dict_keys(['run_spark_jobs_on_emr']) retrieved from /opt/airflow/dags/cp_run_on_emr_dag.py
[2023-03-13 20:13:05,443] {logging_mixin.py:109} INFO - [2023-03-13 20:13:05,442] {dag.py:2398} INFO - Sync 1 DAGs
[2023-03-13 20:13:05,451] {logging_mixin.py:109} INFO - [2023-03-13 20:13:05,451] {dag.py:2937} INFO - Setting next_dagrun for run_spark_jobs_on_emr to 2023-03-12 00:00:00+00:00
[2023-03-13 20:13:05,459] {processor.py:171} INFO - Processing /opt/airflow/dags/cp_run_on_emr_dag.py took 0.311 seconds
[2023-03-13 20:13:35,523] {processor.py:163} INFO - Started process (PID=752) to work on /opt/airflow/dags/cp_run_on_emr_dag.py
[2023-03-13 20:13:35,524] {processor.py:642} INFO - Processing file /opt/airflow/dags/cp_run_on_emr_dag.py for tasks to queue
[2023-03-13 20:13:35,525] {logging_mixin.py:109} INFO - [2023-03-13 20:13:35,525] {dagbag.py:500} INFO - Filling up the DagBag from /opt/airflow/dags/cp_run_on_emr_dag.py
[2023-03-13 20:13:35,802] {processor.py:654} INFO - DAG(s) dict_keys(['run_spark_jobs_on_emr']) retrieved from /opt/airflow/dags/cp_run_on_emr_dag.py
[2023-03-13 20:13:35,807] {logging_mixin.py:109} INFO - [2023-03-13 20:13:35,807] {dag.py:2398} INFO - Sync 1 DAGs
[2023-03-13 20:13:35,815] {logging_mixin.py:109} INFO - [2023-03-13 20:13:35,815] {dag.py:2937} INFO - Setting next_dagrun for run_spark_jobs_on_emr to 2023-03-12 00:00:00+00:00
[2023-03-13 20:13:35,823] {processor.py:171} INFO - Processing /opt/airflow/dags/cp_run_on_emr_dag.py took 0.301 seconds
[2023-03-13 20:14:05,891] {processor.py:163} INFO - Started process (PID=788) to work on /opt/airflow/dags/cp_run_on_emr_dag.py
[2023-03-13 20:14:05,892] {processor.py:642} INFO - Processing file /opt/airflow/dags/cp_run_on_emr_dag.py for tasks to queue
[2023-03-13 20:14:05,892] {logging_mixin.py:109} INFO - [2023-03-13 20:14:05,892] {dagbag.py:500} INFO - Filling up the DagBag from /opt/airflow/dags/cp_run_on_emr_dag.py
[2023-03-13 20:14:06,161] {processor.py:654} INFO - DAG(s) dict_keys(['run_spark_jobs_on_emr']) retrieved from /opt/airflow/dags/cp_run_on_emr_dag.py
[2023-03-13 20:14:06,166] {logging_mixin.py:109} INFO - [2023-03-13 20:14:06,166] {dag.py:2398} INFO - Sync 1 DAGs
[2023-03-13 20:14:06,173] {logging_mixin.py:109} INFO - [2023-03-13 20:14:06,173] {dag.py:2937} INFO - Setting next_dagrun for run_spark_jobs_on_emr to 2023-03-12 00:00:00+00:00
[2023-03-13 20:14:06,181] {processor.py:171} INFO - Processing /opt/airflow/dags/cp_run_on_emr_dag.py took 0.292 seconds
[2023-03-13 20:14:36,248] {processor.py:163} INFO - Started process (PID=824) to work on /opt/airflow/dags/cp_run_on_emr_dag.py
[2023-03-13 20:14:36,249] {processor.py:642} INFO - Processing file /opt/airflow/dags/cp_run_on_emr_dag.py for tasks to queue
[2023-03-13 20:14:36,249] {logging_mixin.py:109} INFO - [2023-03-13 20:14:36,249] {dagbag.py:500} INFO - Filling up the DagBag from /opt/airflow/dags/cp_run_on_emr_dag.py
[2023-03-13 20:14:36,525] {processor.py:654} INFO - DAG(s) dict_keys(['run_spark_jobs_on_emr']) retrieved from /opt/airflow/dags/cp_run_on_emr_dag.py
[2023-03-13 20:14:36,530] {logging_mixin.py:109} INFO - [2023-03-13 20:14:36,530] {dag.py:2398} INFO - Sync 1 DAGs
[2023-03-13 20:14:36,537] {logging_mixin.py:109} INFO - [2023-03-13 20:14:36,537] {dag.py:2937} INFO - Setting next_dagrun for run_spark_jobs_on_emr to 2023-03-12 00:00:00+00:00
[2023-03-13 20:14:36,544] {processor.py:171} INFO - Processing /opt/airflow/dags/cp_run_on_emr_dag.py took 0.298 seconds
[2023-03-13 20:15:06,611] {processor.py:163} INFO - Started process (PID=851) to work on /opt/airflow/dags/cp_run_on_emr_dag.py
[2023-03-13 20:15:06,612] {processor.py:642} INFO - Processing file /opt/airflow/dags/cp_run_on_emr_dag.py for tasks to queue
[2023-03-13 20:15:06,612] {logging_mixin.py:109} INFO - [2023-03-13 20:15:06,612] {dagbag.py:500} INFO - Filling up the DagBag from /opt/airflow/dags/cp_run_on_emr_dag.py
[2023-03-13 20:15:06,876] {processor.py:654} INFO - DAG(s) dict_keys(['run_spark_jobs_on_emr']) retrieved from /opt/airflow/dags/cp_run_on_emr_dag.py
[2023-03-13 20:15:06,880] {logging_mixin.py:109} INFO - [2023-03-13 20:15:06,880] {dag.py:2398} INFO - Sync 1 DAGs
[2023-03-13 20:15:06,888] {logging_mixin.py:109} INFO - [2023-03-13 20:15:06,888] {dag.py:2937} INFO - Setting next_dagrun for run_spark_jobs_on_emr to 2023-03-12 00:00:00+00:00
[2023-03-13 20:15:06,894] {processor.py:171} INFO - Processing /opt/airflow/dags/cp_run_on_emr_dag.py took 0.285 seconds
[2023-03-13 20:15:36,960] {processor.py:163} INFO - Started process (PID=887) to work on /opt/airflow/dags/cp_run_on_emr_dag.py
[2023-03-13 20:15:36,961] {processor.py:642} INFO - Processing file /opt/airflow/dags/cp_run_on_emr_dag.py for tasks to queue
[2023-03-13 20:15:36,961] {logging_mixin.py:109} INFO - [2023-03-13 20:15:36,961] {dagbag.py:500} INFO - Filling up the DagBag from /opt/airflow/dags/cp_run_on_emr_dag.py
[2023-03-13 20:15:37,240] {processor.py:654} INFO - DAG(s) dict_keys(['run_spark_jobs_on_emr']) retrieved from /opt/airflow/dags/cp_run_on_emr_dag.py
[2023-03-13 20:15:37,244] {logging_mixin.py:109} INFO - [2023-03-13 20:15:37,244] {dag.py:2398} INFO - Sync 1 DAGs
[2023-03-13 20:15:37,252] {logging_mixin.py:109} INFO - [2023-03-13 20:15:37,252] {dag.py:2937} INFO - Setting next_dagrun for run_spark_jobs_on_emr to 2023-03-12 00:00:00+00:00
[2023-03-13 20:15:37,258] {processor.py:171} INFO - Processing /opt/airflow/dags/cp_run_on_emr_dag.py took 0.300 seconds
